C:\Program Files (x86)\Microsoft Visual Studio\2017\Enterprise\Common7\IDE\VC\VCTargets\Microsoft.CppBuild.targets(391,5): warning MSB8028: The intermediate directory (Debug\) contains files shared from another project (Win32SimpleSample.vcxproj).  This can lead to incorrect clean and rebuild behavior.
  Camera.cpp
m:\cmp405\wffc-edit\woffcedit\camera.cpp(74): warning C4244: '=': conversion from 'double' to 'float', possible loss of data
m:\cmp405\wffc-edit\woffcedit\camera.cpp(75): warning C4244: '=': conversion from 'double' to 'float', possible loss of data
m:\cmp405\wffc-edit\woffcedit\camera.cpp(76): warning C4244: '=': conversion from 'double' to 'float', possible loss of data
  DisplayChunk.cpp
m:\cmp405\wffc-edit\woffcedit\displaychunk.cpp(14): warning C4305: '=': truncation from 'double' to 'float'
m:\cmp405\wffc-edit\woffcedit\displaychunk.cpp(15): warning C4244: '=': conversion from 'int' to 'float', possible loss of data
m:\cmp405\wffc-edit\woffcedit\displaychunk.cpp(74): warning C4244: 'argument': conversion from 'double' to 'float', possible loss of data
m:\cmp405\wffc-edit\woffcedit\displaychunk.cpp(94): warning C4996: 'fopen': This function or variable may be unsafe. Consider using fopen_s instead. To disable deprecation, use _CRT_SECURE_NO_WARNINGS. See online help for details.
  c:\program files (x86)\windows kits\10\include\10.0.10240.0\ucrt\stdio.h(205): note: see declaration of 'fopen'
m:\cmp405\wffc-edit\woffcedit\displaychunk.cpp(152): warning C4996: 'fopen': This function or variable may be unsafe. Consider using fopen_s instead. To disable deprecation, use _CRT_SECURE_NO_WARNINGS. See online help for details.
  c:\program files (x86)\windows kits\10\include\10.0.10240.0\ucrt\stdio.h(205): note: see declaration of 'fopen'
m:\cmp405\wffc-edit\woffcedit\displaychunk.cpp(189): warning C4101: 'index4': unreferenced local variable
m:\cmp405\wffc-edit\woffcedit\displaychunk.cpp(189): warning C4101: 'index2': unreferenced local variable
m:\cmp405\wffc-edit\woffcedit\displaychunk.cpp(189): warning C4101: 'index3': unreferenced local variable
m:\cmp405\wffc-edit\woffcedit\displaychunk.cpp(189): warning C4101: 'index1': unreferenced local variable
  Game.cpp
m:\cmp405\wffc-edit\woffcedit\game.cpp(196): warning C4244: 'argument': conversion from 'double' to 'float', possible loss of data
m:\cmp405\wffc-edit\woffcedit\game.cpp(195): warning C4244: 'argument': conversion from 'double' to 'float', possible loss of data
m:\cmp405\wffc-edit\woffcedit\game.cpp(194): warning C4244: 'argument': conversion from 'double' to 'float', possible loss of data
m:\cmp405\wffc-edit\woffcedit\game.cpp(179): warning C4101: 'Buffer': unreferenced local variable
  MFCFrame.cpp
  _WIN32_WINNT not defined. Defaulting to _WIN32_WINNT_MAXVER (see WinSDKVer.h)
  MFCMain.cpp
  _WIN32_WINNT not defined. Defaulting to _WIN32_WINNT_MAXVER (see WinSDKVer.h)
  Main.cpp
  _WIN32_WINNT not defined. Defaulting to _WIN32_WINNT_MAXVER (see WinSDKVer.h)
  ToolMain.cpp
  _WIN32_WINNT not defined. Defaulting to _WIN32_WINNT_MAXVER (see WinSDKVer.h)
m:\cmp405\wffc-edit\woffcedit\toolmain.cpp(91): warning C4244: '=': conversion from 'double' to 'float', possible loss of data
m:\cmp405\wffc-edit\woffcedit\toolmain.cpp(92): warning C4244: '=': conversion from 'double' to 'float', possible loss of data
m:\cmp405\wffc-edit\woffcedit\toolmain.cpp(93): warning C4244: '=': conversion from 'double' to 'float', possible loss of data
m:\cmp405\wffc-edit\woffcedit\toolmain.cpp(94): warning C4244: '=': conversion from 'double' to 'float', possible loss of data
m:\cmp405\wffc-edit\woffcedit\toolmain.cpp(95): warning C4244: '=': conversion from 'double' to 'float', possible loss of data
m:\cmp405\wffc-edit\woffcedit\toolmain.cpp(96): warning C4244: '=': conversion from 'double' to 'float', possible loss of data
m:\cmp405\wffc-edit\woffcedit\toolmain.cpp(97): warning C4244: '=': conversion from 'double' to 'float', possible loss of data
m:\cmp405\wffc-edit\woffcedit\toolmain.cpp(98): warning C4244: '=': conversion from 'double' to 'float', possible loss of data
m:\cmp405\wffc-edit\woffcedit\toolmain.cpp(99): warning C4244: '=': conversion from 'double' to 'float', possible loss of data
m:\cmp405\wffc-edit\woffcedit\toolmain.cpp(111): warning C4244: '=': conversion from 'double' to 'float', possible loss of data
m:\cmp405\wffc-edit\woffcedit\toolmain.cpp(112): warning C4244: '=': conversion from 'double' to 'float', possible loss of data
m:\cmp405\wffc-edit\woffcedit\toolmain.cpp(113): warning C4244: '=': conversion from 'double' to 'float', possible loss of data
m:\cmp405\wffc-edit\woffcedit\toolmain.cpp(117): warning C4244: '=': conversion from 'double' to 'float', possible loss of data
m:\cmp405\wffc-edit\woffcedit\toolmain.cpp(118): warning C4244: '=': conversion from 'double' to 'float', possible loss of data
m:\cmp405\wffc-edit\woffcedit\toolmain.cpp(119): warning C4244: '=': conversion from 'int' to 'float', possible loss of data
m:\cmp405\wffc-edit\woffcedit\toolmain.cpp(123): warning C4244: '=': conversion from 'double' to 'int', possible loss of data
m:\cmp405\wffc-edit\woffcedit\toolmain.cpp(124): warning C4244: '=': conversion from 'double' to 'int', possible loss of data
m:\cmp405\wffc-edit\woffcedit\toolmain.cpp(134): warning C4244: '=': conversion from 'double' to 'float', possible loss of data
m:\cmp405\wffc-edit\woffcedit\toolmain.cpp(135): warning C4244: '=': conversion from 'double' to 'float', possible loss of data
m:\cmp405\wffc-edit\woffcedit\toolmain.cpp(136): warning C4244: '=': conversion from 'double' to 'float', possible loss of data
m:\cmp405\wffc-edit\woffcedit\toolmain.cpp(137): warning C4244: '=': conversion from 'double' to 'float', possible loss of data
m:\cmp405\wffc-edit\woffcedit\toolmain.cpp(138): warning C4244: '=': conversion from 'double' to 'float', possible loss of data
m:\cmp405\wffc-edit\woffcedit\toolmain.cpp(139): warning C4244: '=': conversion from 'double' to 'float', possible loss of data
m:\cmp405\wffc-edit\woffcedit\toolmain.cpp(140): warning C4244: '=': conversion from 'double' to 'float', possible loss of data
m:\cmp405\wffc-edit\woffcedit\toolmain.cpp(141): warning C4244: '=': conversion from 'double' to 'float', possible loss of data
m:\cmp405\wffc-edit\woffcedit\toolmain.cpp(142): warning C4244: '=': conversion from 'double' to 'float', possible loss of data
m:\cmp405\wffc-edit\woffcedit\toolmain.cpp(143): warning C4244: '=': conversion from 'double' to 'float', possible loss of data
  Generating Code...
  Win32SimpleSample.vcxproj -> M:\CMP405\WFFC-Edit\WOFFCEdit\Debug\WoFEdit.exe
